c:\users\st016325\documents\visual studio 2010\projects\openmp_win32\matxixvectormult\debug\matxixvectormult.pch
c:\users\st016325\documents\visual studio 2010\projects\openmp_win32\matxixvectormult\debug\stdafx.obj
c:\users\st016325\documents\visual studio 2010\projects\openmp_win32\matxixvectormult\debug\vc100.pdb
c:\users\st016325\documents\visual studio 2010\projects\openmp_win32\matxixvectormult\debug\matxixvectormult.obj
c:\users\st016325\documents\visual studio 2010\projects\openmp_win32\debug\matxixvectormult.ilk
c:\users\st016325\documents\visual studio 2010\projects\openmp_win32\debug\matxixvectormult.exe
c:\users\st016325\documents\visual studio 2010\projects\openmp_win32\matxixvectormult\debug\matxixvectormult.exe.intermediate.manifest
c:\users\st016325\documents\visual studio 2010\projects\openmp_win32\debug\matxixvectormult.pdb
c:\users\st016325\documents\visual studio 2010\projects\openmp_win32\matxixvectormult\debug\matxixvectormult.exe.embed.manifest
c:\users\st016325\documents\visual studio 2010\projects\openmp_win32\matxixvectormult\debug\matxixvectormult.exe.embed.manifest.res
c:\users\captain-nemo\documents\visual studio 2015\projects\openmp_win32\matxixvectormult\debug\matxixvectormult.pch
c:\users\captain-nemo\documents\visual studio 2015\projects\openmp_win32\matxixvectormult\debug\vc140.pdb
c:\users\captain-nemo\documents\visual studio 2015\projects\openmp_win32\matxixvectormult\debug\vc140.idb
c:\users\captain-nemo\documents\visual studio 2015\projects\openmp_win32\matxixvectormult\debug\stdafx.obj
c:\users\captain-nemo\documents\visual studio 2015\projects\openmp_win32\matxixvectormult\debug\matxixvectormult.obj
c:\users\captain-nemo\documents\visual studio 2015\projects\openmp_win32\matxixvectormult\debug\matxixvectormult.vcxprojresolveassemblyreference.cache
c:\users\captain-nemo\documents\visual studio 2015\projects\openmp_win32\matxixvectormult\debug\cl.command.1.tlog
c:\users\captain-nemo\documents\visual studio 2015\projects\openmp_win32\matxixvectormult\debug\cl.read.1.tlog
c:\users\captain-nemo\documents\visual studio 2015\projects\openmp_win32\matxixvectormult\debug\cl.write.1.tlog
c:\users\captain-nemo\documents\visual studio 2015\projects\openmp_win32\matxixvectormult\debug\link-cvtres.read.1.tlog
c:\users\captain-nemo\documents\visual studio 2015\projects\openmp_win32\matxixvectormult\debug\link-cvtres.write.1.tlog
c:\users\captain-nemo\documents\visual studio 2015\projects\openmp_win32\matxixvectormult\debug\link.184-cvtres.read.1.tlog
c:\users\captain-nemo\documents\visual studio 2015\projects\openmp_win32\matxixvectormult\debug\link.184-cvtres.write.1.tlog
c:\users\captain-nemo\documents\visual studio 2015\projects\openmp_win32\matxixvectormult\debug\link.184.read.1.tlog
c:\users\captain-nemo\documents\visual studio 2015\projects\openmp_win32\matxixvectormult\debug\link.184.write.1.tlog
c:\users\captain-nemo\documents\visual studio 2015\projects\openmp_win32\matxixvectormult\debug\link.4708-cvtres.read.1.tlog
c:\users\captain-nemo\documents\visual studio 2015\projects\openmp_win32\matxixvectormult\debug\link.4708-cvtres.write.1.tlog
c:\users\captain-nemo\documents\visual studio 2015\projects\openmp_win32\matxixvectormult\debug\link.4708.read.1.tlog
c:\users\captain-nemo\documents\visual studio 2015\projects\openmp_win32\matxixvectormult\debug\link.4708.write.1.tlog
c:\users\captain-nemo\documents\visual studio 2015\projects\openmp_win32\matxixvectormult\debug\link.5304-cvtres.read.1.tlog
c:\users\captain-nemo\documents\visual studio 2015\projects\openmp_win32\matxixvectormult\debug\link.5304-cvtres.write.1.tlog
c:\users\captain-nemo\documents\visual studio 2015\projects\openmp_win32\matxixvectormult\debug\link.5304.read.1.tlog
c:\users\captain-nemo\documents\visual studio 2015\projects\openmp_win32\matxixvectormult\debug\link.5304.write.1.tlog
c:\users\captain-nemo\documents\visual studio 2015\projects\openmp_win32\matxixvectormult\debug\link.5348-cvtres.read.1.tlog
c:\users\captain-nemo\documents\visual studio 2015\projects\openmp_win32\matxixvectormult\debug\link.5348-cvtres.write.1.tlog
c:\users\captain-nemo\documents\visual studio 2015\projects\openmp_win32\matxixvectormult\debug\link.5348.read.1.tlog
c:\users\captain-nemo\documents\visual studio 2015\projects\openmp_win32\matxixvectormult\debug\link.5348.write.1.tlog
c:\users\captain-nemo\documents\visual studio 2015\projects\openmp_win32\matxixvectormult\debug\link.5408-cvtres.read.1.tlog
c:\users\captain-nemo\documents\visual studio 2015\projects\openmp_win32\matxixvectormult\debug\link.5408-cvtres.write.1.tlog
c:\users\captain-nemo\documents\visual studio 2015\projects\openmp_win32\matxixvectormult\debug\link.5408.read.1.tlog
c:\users\captain-nemo\documents\visual studio 2015\projects\openmp_win32\matxixvectormult\debug\link.5408.write.1.tlog
c:\users\captain-nemo\documents\visual studio 2015\projects\openmp_win32\matxixvectormult\debug\link.command.1.tlog
c:\users\captain-nemo\documents\visual studio 2015\projects\openmp_win32\matxixvectormult\debug\link.read.1.tlog
c:\users\captain-nemo\documents\visual studio 2015\projects\openmp_win32\matxixvectormult\debug\link.write.1.tlog
c:\users\captain-nemo\documents\visual studio 2015\projects\openmp_win32\matxixvectormult\debug\matxixvectormult.write.1.tlog
c:\users\captain-nemo\documents\visual studio 2015\projects\openmp_win32\matxixvectormult\debug\mt.command.1.tlog
c:\users\captain-nemo\documents\visual studio 2015\projects\openmp_win32\matxixvectormult\debug\mt.read.1.tlog
c:\users\captain-nemo\documents\visual studio 2015\projects\openmp_win32\matxixvectormult\debug\mt.write.1.tlog
c:\users\captain-nemo\documents\visual studio 2015\projects\openmp_win32\matxixvectormult\debug\rc.command.1.tlog
c:\users\captain-nemo\documents\visual studio 2015\projects\openmp_win32\matxixvectormult\debug\rc.read.1.tlog
c:\users\captain-nemo\documents\visual studio 2015\projects\openmp_win32\matxixvectormult\debug\rc.write.1.tlog
c:\users\captain-nemo\documents\visual studio 2015\projects\openmp_win32\matxixvectormult\debug\matxixvectormult.exe.embed.manifest
c:\users\captain-nemo\documents\visual studio 2015\projects\openmp_win32\matxixvectormult\debug\matxixvectormult.exe.intermediate.manifest
c:\users\captain-nemo\documents\visual studio 2015\projects\openmp_win32\matxixvectormult\debug\matxixvectormult.exe.embed.manifest.res
c:\users\captain-nemo\documents\visual studio 2015\projects\openmp_win32\matxixvectormult\debug\vc100.idb
c:\users\captain-nemo\documents\visual studio 2015\projects\openmp_win32\matxixvectormult\debug\vc100.pdb
c:\users\captain-nemo\documents\visual studio 2015\projects\openmp_win32\matxixvectormult\debug\matxixvectormult_manifest.rc
c:\users\captain-nemo\documents\visual studio 2015\projects\openmp_win32\debug\matxixvectormult.pdb
c:\users\captain-nemo\documents\visual studio 2015\projects\openmp_win32\matxixvectormult\debug\matxixvectormult.tlog\cl.command.1.tlog
c:\users\captain-nemo\documents\visual studio 2015\projects\openmp_win32\matxixvectormult\debug\matxixvectormult.tlog\cl.read.1.tlog
c:\users\captain-nemo\documents\visual studio 2015\projects\openmp_win32\matxixvectormult\debug\matxixvectormult.tlog\cl.write.1.tlog
c:\users\captain-nemo\documents\visual studio 2015\projects\openmp_win32\matxixvectormult\debug\matxixvectormult.tlog\link-cvtres.read.1.tlog
c:\users\captain-nemo\documents\visual studio 2015\projects\openmp_win32\matxixvectormult\debug\matxixvectormult.tlog\link-cvtres.write.1.tlog
c:\users\captain-nemo\documents\visual studio 2015\projects\openmp_win32\matxixvectormult\debug\matxixvectormult.tlog\link-rc.read.1.tlog
c:\users\captain-nemo\documents\visual studio 2015\projects\openmp_win32\matxixvectormult\debug\matxixvectormult.tlog\link-rc.write.1.tlog
c:\users\captain-nemo\documents\visual studio 2015\projects\openmp_win32\matxixvectormult\debug\matxixvectormult.tlog\link.command.1.tlog
c:\users\captain-nemo\documents\visual studio 2015\projects\openmp_win32\matxixvectormult\debug\matxixvectormult.tlog\link.read.1.tlog
c:\users\captain-nemo\documents\visual studio 2015\projects\openmp_win32\matxixvectormult\debug\matxixvectormult.tlog\link.write.1.tlog
